2019-10-09T23:35:33-07:00 - DEBUG Constructed a winston logger with the specified targets:
	{"consolelogger":{"target":"console","level":"info"},"filelogger":{"target":"daily-rotate-file","level":"debug","filename":"log/caliper-%DATE%.log","datePattern":"YYYY-MM-DD-HH","maxSize":"5m","zippedArchive":true}}

2019-10-09T23:35:34-07:00 - INFO [caliper-flow]: ####### Caliper Test ####### 

2019-10-09T23:35:34-07:00 - INFO [caliper-utils]: Executing command: cd /root/caliper-Def;ehco 'please start the network  in remote host';sleep 10 

2019-10-09T23:35:44-07:00 - INFO [adapters/fabric]: Fabric SDK version: 1.4.1; TLS: server 

2019-10-09T23:35:45-07:00 - ERROR [caliper-flow]: Error: Error: Couldn't enroll Org1's registrar or set it as user context: Calling enrollment endpoint failed with error [Error: connect ECONNREFUSED 192.168.159.135:7054]
    at Fabric._setUserContextByEnrollment (/root/caliper-Def/node_modules/@hyperledger/caliper-fabric/lib/fabric.js:1672:19)
    at <anonymous>
    at process._tickCallback (internal/process/next_tick.js:189:7) 

2019-10-09T23:35:45-07:00 - INFO [caliper-utils]: Executing command: cd /root/caliper-Def;echo 'clean  the network in  remote host';sleep 5s 

2019-10-09T23:37:16-07:00 - DEBUG Constructed a winston logger with the specified targets:
	{"consolelogger":{"target":"console","level":"info"},"filelogger":{"target":"daily-rotate-file","level":"debug","filename":"log/caliper-%DATE%.log","datePattern":"YYYY-MM-DD-HH","maxSize":"5m","zippedArchive":true}}

2019-10-09T23:37:17-07:00 - INFO [caliper-flow]: ####### Caliper Test ####### 

2019-10-09T23:37:17-07:00 - INFO [caliper-utils]: Executing command: cd /root/caliper-Def;echo 'please start the network  in remote host';sleep 10 

2019-10-09T23:37:27-07:00 - INFO [adapters/fabric]: Fabric SDK version: 1.4.1; TLS: server 

2019-10-09T23:37:27-07:00 - INFO [adapters/fabric]: Org1's registrar enrolled successfully 

2019-10-09T23:37:27-07:00 - INFO [adapters/fabric]: Org2's registrar enrolled successfully 

2019-10-09T23:37:28-07:00 - INFO [adapters/fabric]: Org3's registrar enrolled successfully 

2019-10-09T23:37:28-07:00 - INFO [adapters/fabric]: Org1's admin's materials are successfully loaded 

2019-10-09T23:37:28-07:00 - INFO [adapters/fabric]: Org2's admin's materials are successfully loaded 

2019-10-09T23:37:28-07:00 - INFO [adapters/fabric]: Org3's admin's materials are successfully loaded 

2019-10-09T23:37:28-07:00 - INFO [adapters/fabric]: client0.org1.example.com's materials are successfully loaded 

2019-10-09T23:37:28-07:00 - INFO [adapters/fabric]: client1.org1.example.com's materials are successfully loaded 

2019-10-09T23:37:28-07:00 - INFO [adapters/fabric]: client0.org2.example.com's materials are successfully loaded 

2019-10-09T23:37:28-07:00 - INFO [adapters/fabric]: client1.org2.example.com's materials are successfully loaded 

2019-10-09T23:37:28-07:00 - INFO [adapters/fabric]: client0.org3.example.com's materials are successfully loaded 

2019-10-09T23:37:28-07:00 - INFO [adapters/fabric]: client1.org3.example.com's materials are successfully loaded 

2019-10-09T23:37:28-07:00 - INFO [adapters/fabric]: Channel 'mychannel' definiton being retrieved from file 

2019-10-09T23:37:28-07:00 - INFO [adapters/fabric]: Channel 'mychannel' successfully created 

2019-10-09T23:37:28-07:00 - INFO [adapters/fabric]: Sleeping 5s... 

2019-10-09T23:37:33-07:00 - INFO [adapters/fabric]: Org1's peers successfully joined mychannel: peer0.org1.example.com 

2019-10-09T23:37:33-07:00 - INFO [adapters/fabric]: Org2's peers successfully joined mychannel: peer0.org2.example.com 

2019-10-09T23:37:33-07:00 - INFO [adapters/fabric]: Org3's peers successfully joined mychannel: peer0.org3.example.com 

2019-10-09T23:37:33-07:00 - INFO [adapters/fabric]: Sleeping 5s... 

2019-10-09T23:37:38-07:00 - INFO [adapters/fabric]: Installing chaincodes for mychannel... 

2019-10-09T23:37:38-07:00 - INFO [adapters/fabric]: simple@v0 successfully installed on Org1's peers: peer0.org1.example.com 

2019-10-09T23:37:38-07:00 - INFO [adapters/fabric]: simple@v0 successfully installed on Org2's peers: peer0.org2.example.com 

2019-10-09T23:37:38-07:00 - INFO [adapters/fabric]: simple@v0 successfully installed on Org3's peers: peer0.org3.example.com 

2019-10-09T23:37:38-07:00 - INFO [adapters/fabric]: smallbank@v0 successfully installed on Org1's peers: peer0.org1.example.com 

2019-10-09T23:37:38-07:00 - INFO [adapters/fabric]: smallbank@v0 successfully installed on Org2's peers: peer0.org2.example.com 

2019-10-09T23:37:38-07:00 - INFO [adapters/fabric]: smallbank@v0 successfully installed on Org3's peers: peer0.org3.example.com 

2019-10-09T23:37:38-07:00 - INFO [adapters/fabric]: Instantiating simple@v0 in mychannel. This might take some time... 

2019-10-09T23:38:18-07:00 - INFO [adapters/fabric]: Successfully instantiated simple@v0 in mychannel 

2019-10-09T23:38:18-07:00 - INFO [adapters/fabric]: Instantiating smallbank@v0 in mychannel. This might take some time... 

2019-10-09T23:38:58-07:00 - INFO [adapters/fabric]: Successfully instantiated smallbank@v0 in mychannel 

2019-10-09T23:38:58-07:00 - INFO [adapters/fabric]: Sleeping 5s... 

2019-10-09T23:39:03-07:00 - ERROR [monitor-docker.js]: monitor-docker: could not find active local container 

2019-10-09T23:39:03-07:00 - INFO [caliper-flow]: Started monitor successfully 

2019-10-09T23:39:03-07:00 - INFO [defaultTest]: ####### Testing 'open' ####### 

2019-10-09T23:39:03-07:00 - INFO [defaultTest]: ------ Test round 1 ------ 

2019-10-09T23:39:03-07:00 - INFO [client-util.js]: Launching client with PID  14877 

2019-10-09T23:39:03-07:00 - INFO [client-util.js]: Launching client with PID  14878 

2019-10-09T23:39:03-07:00 - INFO [client-util.js]: Launching client with PID  14887 

2019-10-09T23:39:03-07:00 - INFO [client-util.js]: Launching client with PID  14894 

2019-10-09T23:39:04-07:00 - INFO [client-util.js]: Launching client with PID  14896 

2019-10-09T23:39:04-07:00 - INFO [client-util.js]: Waiting for 5 clients to be ready...  

2019-10-09T23:39:04-07:00 - INFO [demo.js]: [Transaction Info] - Submitted: 0 Succ: 0 Fail:0 Unfinished:0 

2019-10-09T23:39:04-07:00 - DEBUG Constructed a winston logger with the specified targets:
	{"consolelogger":{"target":"console","level":"info"},"filelogger":{"target":"daily-rotate-file","level":"debug","filename":"log/caliper-%DATE%.log","datePattern":"YYYY-MM-DD-HH","maxSize":"5m","zippedArchive":true}}

2019-10-09T23:39:04-07:00 - DEBUG Constructed a winston logger with the specified targets:
	{"consolelogger":{"target":"console","level":"info"},"filelogger":{"target":"daily-rotate-file","level":"debug","filename":"log/caliper-%DATE%.log","datePattern":"YYYY-MM-DD-HH","maxSize":"5m","zippedArchive":true}}

2019-10-09T23:39:04-07:00 - DEBUG Constructed a winston logger with the specified targets:
	{"consolelogger":{"target":"console","level":"info"},"filelogger":{"target":"daily-rotate-file","level":"debug","filename":"log/caliper-%DATE%.log","datePattern":"YYYY-MM-DD-HH","maxSize":"5m","zippedArchive":true}}

2019-10-09T23:39:04-07:00 - DEBUG Constructed a winston logger with the specified targets:
	{"consolelogger":{"target":"console","level":"info"},"filelogger":{"target":"daily-rotate-file","level":"debug","filename":"log/caliper-%DATE%.log","datePattern":"YYYY-MM-DD-HH","maxSize":"5m","zippedArchive":true}}

2019-10-09T23:39:06-07:00 - INFO [demo.js]: [Transaction Info] - Submitted: 0 Succ: 0 Fail:0 Unfinished:0 

2019-10-09T23:39:04-07:00 - DEBUG Constructed a winston logger with the specified targets:
	{"consolelogger":{"target":"console","level":"info"},"filelogger":{"target":"daily-rotate-file","level":"debug","filename":"log/caliper-%DATE%.log","datePattern":"YYYY-MM-DD-HH","maxSize":"5m","zippedArchive":true}}

2019-10-09T23:39:06-07:00 - INFO [client-util.js]: Client ready message recieved 

2019-10-09T23:39:06-07:00 - INFO [fabric/fabricClientWorker]: Client ready 

2019-10-09T23:39:06-07:00 - INFO [client-util.js]: Client ready message recieved 

2019-10-09T23:39:06-07:00 - INFO [fabric/fabricClientWorker]: Client ready 

2019-10-09T23:39:06-07:00 - INFO [fabric/fabricClientWorker]: Client ready 

2019-10-09T23:39:06-07:00 - INFO [client-util.js]: Client ready message recieved 

2019-10-09T23:39:06-07:00 - INFO [client-util.js]: Client ready message recieved 

2019-10-09T23:39:06-07:00 - INFO [fabric/fabricClientWorker]: Client ready 

2019-10-09T23:39:06-07:00 - INFO [client-util.js]: Client ready message recieved 

2019-10-09T23:39:06-07:00 - INFO [client-util.js]: 5 clients ready, starting test phase 

2019-10-09T23:39:06-07:00 - DEBUG [local-client.js]: doTest() with:
	{"type":"test","label":"open","rateControl":{"type":"fixed-rate","opts":{"tps":200}},"trim":0,"args":{"money":1000},"cb":"benchmark/simple/open.js","config":"/root/caliper-Def/network/fabric-v1.4.1/raft/fabric-go-tls.yaml","root":"/root/caliper-Def","numb":2000,"roundIdx":1,"totalClients":5,"clients":5,"clientargs":{},"clientIdx":0}

2019-10-09T23:39:06-07:00 - DEBUG [local-client.js]: doTest() with:
	{"type":"test","label":"open","rateControl":{"type":"fixed-rate","opts":{"tps":200}},"trim":0,"args":{"money":1000},"cb":"benchmark/simple/open.js","config":"/root/caliper-Def/network/fabric-v1.4.1/raft/fabric-go-tls.yaml","root":"/root/caliper-Def","numb":2000,"roundIdx":1,"totalClients":5,"clients":5,"clientargs":{},"clientIdx":2}

2019-10-09T23:39:06-07:00 - DEBUG [local-client.js]: doTest() with:
	{"type":"test","label":"open","rateControl":{"type":"fixed-rate","opts":{"tps":200}},"trim":0,"args":{"money":1000},"cb":"benchmark/simple/open.js","config":"/root/caliper-Def/network/fabric-v1.4.1/raft/fabric-go-tls.yaml","root":"/root/caliper-Def","numb":2000,"roundIdx":1,"totalClients":5,"clients":5,"clientargs":{},"clientIdx":4}

2019-10-09T23:39:06-07:00 - DEBUG [local-client.js]: doTest() with:
	{"type":"test","label":"open","rateControl":{"type":"fixed-rate","opts":{"tps":200}},"trim":0,"args":{"money":1000},"cb":"benchmark/simple/open.js","config":"/root/caliper-Def/network/fabric-v1.4.1/raft/fabric-go-tls.yaml","root":"/root/caliper-Def","numb":2000,"roundIdx":1,"totalClients":5,"clients":5,"clientargs":{},"clientIdx":1}

2019-10-09T23:39:06-07:00 - INFO [fabric/fabricClientWorker]: Client ready 

2019-10-09T23:39:06-07:00 - DEBUG [local-client.js]: doTest() with:
	{"type":"test","label":"open","rateControl":{"type":"fixed-rate","opts":{"tps":200}},"trim":0,"args":{"money":1000},"cb":"benchmark/simple/open.js","config":"/root/caliper-Def/network/fabric-v1.4.1/raft/fabric-go-tls.yaml","root":"/root/caliper-Def","numb":2000,"roundIdx":1,"totalClients":5,"clients":5,"clientargs":{},"clientIdx":3}

2019-10-09T23:39:06-07:00 - INFO [local-client.js]: txUpdateTime: 1000 

2019-10-09T23:39:06-07:00 - INFO [local-client.js]: txUpdateTime: 1000 

2019-10-09T23:39:06-07:00 - INFO [local-client.js]: txUpdateTime: 1000 

2019-10-09T23:39:06-07:00 - INFO [local-client.js]: txUpdateTime: 1000 

2019-10-09T23:39:06-07:00 - INFO [local-client.js]: txUpdateTime: 1000 

2019-10-09T23:39:06-07:00 - INFO [local-client.js]: Info: client 14887 start test runFixedNumber():opening accounts 

2019-10-09T23:39:06-07:00 - INFO [local-client.js]: Info: client 14877 start test runFixedNumber():opening accounts 

2019-10-09T23:39:06-07:00 - DEBUG [rateControl.js]: Creating rate controller for client#2 for round#1
	{"type":"fixed-rate","opts":{"tps":200}}

2019-10-09T23:39:06-07:00 - DEBUG [rateControl.js]: Creating rate controller for client#0 for round#1
	{"type":"fixed-rate","opts":{"tps":200}}

2019-10-09T23:39:06-07:00 - INFO [local-client.js]: Info: client 14878 start test runFixedNumber():opening accounts 

2019-10-09T23:39:06-07:00 - DEBUG [rateControl.js]: Creating rate controller for client#1 for round#1
	{"type":"fixed-rate","opts":{"tps":200}}

2019-10-09T23:39:06-07:00 - INFO [local-client.js]: Info: client 14894 start test runFixedNumber():opening accounts 

2019-10-09T23:39:06-07:00 - DEBUG [rateControl.js]: Creating rate controller for client#3 for round#1
	{"type":"fixed-rate","opts":{"tps":200}}

2019-10-09T23:39:06-07:00 - INFO [local-client.js]: Info: client 14896 start test runFixedNumber():opening accounts 

2019-10-09T23:39:06-07:00 - DEBUG [rateControl.js]: Creating rate controller for client#4 for round#1
	{"type":"fixed-rate","opts":{"tps":200}}

2019-10-09T23:39:07-07:00 - INFO [demo.js]: [Transaction Info] - Submitted: 0 Succ: 0 Fail:0 Unfinished:0 

2019-10-09T23:39:08-07:00 - INFO [demo.js]: [Transaction Info] - Submitted: 135 Succ: 0 Fail:0 Unfinished:135 

2019-10-09T23:39:09-07:00 - INFO [demo.js]: [Transaction Info] - Submitted: 335 Succ: 107 Fail:0 Unfinished:228 

2019-10-09T23:39:10-07:00 - INFO [demo.js]: [Transaction Info] - Submitted: 534 Succ: 314 Fail:0 Unfinished:220 

2019-10-09T23:39:11-07:00 - INFO [demo.js]: [Transaction Info] - Submitted: 734 Succ: 505 Fail:0 Unfinished:229 

2019-10-09T23:39:12-07:00 - INFO [demo.js]: [Transaction Info] - Submitted: 937 Succ: 652 Fail:0 Unfinished:285 

2019-10-09T23:39:13-07:00 - INFO [demo.js]: [Transaction Info] - Submitted: 1135 Succ: 861 Fail:0 Unfinished:274 

2019-10-09T23:39:14-07:00 - INFO [demo.js]: [Transaction Info] - Submitted: 1339 Succ: 1051 Fail:0 Unfinished:288 

2019-10-09T23:39:15-07:00 - INFO [demo.js]: [Transaction Info] - Submitted: 1540 Succ: 1175 Fail:0 Unfinished:365 

2019-10-09T23:39:16-07:00 - INFO [demo.js]: [Transaction Info] - Submitted: 1740 Succ: 1373 Fail:0 Unfinished:367 

2019-10-09T23:39:17-07:00 - INFO [demo.js]: [Transaction Info] - Submitted: 1935 Succ: 1561 Fail:0 Unfinished:374 

2019-10-09T23:39:18-07:00 - INFO [demo.js]: [Transaction Info] - Submitted: 2140 Succ: 1705 Fail:0 Unfinished:435 

2019-10-09T23:39:19-07:00 - INFO [demo.js]: [Transaction Info] - Submitted: 2341 Succ: 1979 Fail:0 Unfinished:362 

2019-10-09T23:39:20-07:00 - INFO [demo.js]: [Transaction Info] - Submitted: 2541 Succ: 2115 Fail:0 Unfinished:426 

2019-10-09T23:39:21-07:00 - INFO [demo.js]: [Transaction Info] - Submitted: 2742 Succ: 2327 Fail:0 Unfinished:415 

2019-10-09T23:39:22-07:00 - INFO [demo.js]: [Transaction Info] - Submitted: 2941 Succ: 2632 Fail:0 Unfinished:309 

2019-10-09T23:39:23-07:00 - INFO [demo.js]: [Transaction Info] - Submitted: 3140 Succ: 2841 Fail:0 Unfinished:299 

2019-10-09T23:39:24-07:00 - INFO [demo.js]: [Transaction Info] - Submitted: 3342 Succ: 3149 Fail:0 Unfinished:193 

2019-10-09T23:39:25-07:00 - INFO [demo.js]: [Transaction Info] - Submitted: 3543 Succ: 3339 Fail:0 Unfinished:204 

2019-10-09T23:39:26-07:00 - INFO [demo.js]: [Transaction Info] - Submitted: 3742 Succ: 3571 Fail:0 Unfinished:171 

2019-10-09T23:39:27-07:00 - INFO [demo.js]: [Transaction Info] - Submitted: 3944 Succ: 3777 Fail:0 Unfinished:167 

2019-10-09T23:39:28-07:00 - INFO [demo.js]: [Transaction Info] - Submitted: 4144 Succ: 3879 Fail:0 Unfinished:265 

2019-10-09T23:39:29-07:00 - INFO [demo.js]: [Transaction Info] - Submitted: 4344 Succ: 4102 Fail:0 Unfinished:242 

2019-10-09T23:39:30-07:00 - INFO [demo.js]: [Transaction Info] - Submitted: 4529 Succ: 4313 Fail:0 Unfinished:216 

2019-10-09T23:39:31-07:00 - INFO [demo.js]: [Transaction Info] - Submitted: 4752 Succ: 4492 Fail:0 Unfinished:260 

2019-10-09T23:39:32-07:00 - INFO [demo.js]: [Transaction Info] - Submitted: 4925 Succ: 4782 Fail:0 Unfinished:143 

2019-10-09T23:39:33-07:00 - INFO [demo.js]: [Transaction Info] - Submitted: 5155 Succ: 4894 Fail:0 Unfinished:261 

2019-10-09T23:39:34-07:00 - INFO [demo.js]: [Transaction Info] - Submitted: 5359 Succ: 5110 Fail:0 Unfinished:249 

2019-10-09T23:39:35-07:00 - INFO [demo.js]: [Transaction Info] - Submitted: 5559 Succ: 5308 Fail:0 Unfinished:251 

2019-10-09T23:39:36-07:00 - INFO [demo.js]: [Transaction Info] - Submitted: 5749 Succ: 5574 Fail:0 Unfinished:175 

2019-10-09T23:39:37-07:00 - INFO [demo.js]: [Transaction Info] - Submitted: 5965 Succ: 5649 Fail:0 Unfinished:316 

2019-10-09T23:39:38-07:00 - INFO [demo.js]: [Transaction Info] - Submitted: 6163 Succ: 5911 Fail:0 Unfinished:252 

2019-10-09T23:39:39-07:00 - INFO [demo.js]: [Transaction Info] - Submitted: 6365 Succ: 6105 Fail:0 Unfinished:260 

2019-10-09T23:39:40-07:00 - INFO [demo.js]: [Transaction Info] - Submitted: 6567 Succ: 6300 Fail:0 Unfinished:267 

2019-10-09T23:39:41-07:00 - INFO [demo.js]: [Transaction Info] - Submitted: 6768 Succ: 6468 Fail:0 Unfinished:300 

2019-10-09T23:39:42-07:00 - INFO [demo.js]: [Transaction Info] - Submitted: 6968 Succ: 6634 Fail:0 Unfinished:334 

2019-10-09T23:39:43-07:00 - INFO [demo.js]: [Transaction Info] - Submitted: 7169 Succ: 6832 Fail:0 Unfinished:337 

2019-10-09T23:39:44-07:00 - INFO [demo.js]: [Transaction Info] - Submitted: 7369 Succ: 7014 Fail:0 Unfinished:355 

2019-10-09T23:39:45-07:00 - INFO [demo.js]: [Transaction Info] - Submitted: 7571 Succ: 7261 Fail:0 Unfinished:310 

2019-10-09T23:39:46-07:00 - INFO [demo.js]: [Transaction Info] - Submitted: 7772 Succ: 7448 Fail:0 Unfinished:324 

2019-10-09T23:39:47-07:00 - INFO [demo.js]: [Transaction Info] - Submitted: 7971 Succ: 7662 Fail:0 Unfinished:309 

2019-10-09T23:39:48-07:00 - INFO [demo.js]: [Transaction Info] - Submitted: 8170 Succ: 7777 Fail:0 Unfinished:393 

2019-10-09T23:39:49-07:00 - INFO [demo.js]: [Transaction Info] - Submitted: 8376 Succ: 7990 Fail:0 Unfinished:386 

2019-10-09T23:39:50-07:00 - INFO [demo.js]: [Transaction Info] - Submitted: 8582 Succ: 8173 Fail:0 Unfinished:409 

2019-10-09T23:39:51-07:00 - INFO [demo.js]: [Transaction Info] - Submitted: 8783 Succ: 8365 Fail:0 Unfinished:418 

2019-10-09T23:39:52-07:00 - INFO [demo.js]: [Transaction Info] - Submitted: 9023 Succ: 8634 Fail:0 Unfinished:389 

2019-10-09T23:39:53-07:00 - INFO [demo.js]: [Transaction Info] - Submitted: 9222 Succ: 8846 Fail:0 Unfinished:376 

2019-10-09T23:39:54-07:00 - INFO [demo.js]: [Transaction Info] - Submitted: 9423 Succ: 9043 Fail:0 Unfinished:380 

2019-10-09T23:39:55-07:00 - INFO [demo.js]: [Transaction Info] - Submitted: 9617 Succ: 9189 Fail:0 Unfinished:428 

2019-10-09T23:39:56-07:00 - INFO [demo.js]: [Transaction Info] - Submitted: 9824 Succ: 9396 Fail:0 Unfinished:428 

2019-10-09T23:39:57-07:00 - DEBUG [report-builder]: r.create.max: 1570689596.942 r.create.min: 1570689546.874 r.final.max: 1570689597.549 r.final.min: 1570689548.11 r.final.last: 1570689597.549 

2019-10-09T23:39:57-07:00 - DEBUG [report-builder]:  throughput for only success time computed: 197.3 

2019-10-09T23:39:57-07:00 - DEBUG [report-builder]: sendTransactionProposal: 0ms length: 10000 

2019-10-09T23:39:57-07:00 - DEBUG [report-builder]: sendTransaction: 0ms 

2019-10-09T23:39:57-07:00 - DEBUG [report-builder]: invokeLatency: 0ms 

2019-10-09T23:39:57-07:00 - INFO [report-builder]: ###test result:### 

2019-10-09T23:39:57-07:00 - INFO [report-builder]: 
+------+-------+------+-----------+-------------+-------------+-------------+------------+
| Name | Succ  | Fail | Send Rate | Max Latency | Min Latency | Avg Latency | Throughput |
|------|-------|------|-----------|-------------|-------------|-------------|------------|
| open | 10000 | 0    | 199.7 tps | 2.77 s      | 0.58 s      | 1.55 s      | 197.3 tps  |
+------+-------+------+-----------+-------------+-------------+-------------+------------+
 

2019-10-09T23:39:57-07:00 - INFO [report-builder]: ### resource stats ### 

2019-10-09T23:39:57-07:00 - INFO [report-builder]: 
+---------+---------------------------+-------------+-------------+----------+----------+------------+-------------+-----------+------------+
| TYPE    | NAME                      | Memory(max) | Memory(avg) | CPU(max) | CPU(avg) | Traffic In | Traffic Out | Disc Read | Disc Write |
|---------|---------------------------|-------------|-------------|----------|----------|------------|-------------|-----------|------------|
| Process | node local-client.js(avg) | -           | -           | NaN%     | NaN%     | -          | -           | -         | -          |
+---------+---------------------------+-------------+-------------+----------+----------+------------+-------------+-----------+------------+
 

2019-10-09T23:39:57-07:00 - INFO [defaultTest]: ------ Passed 'open' testing ------ 

2019-10-09T23:39:57-07:00 - INFO [defaultTest]: Waiting 5 seconds for the next round... 

2019-10-09T23:39:57-07:00 - INFO [demo.js]: [Transaction Info] - Submitted: 10000 Succ: 10000 Fail:0 Unfinished:0 

2019-10-09T23:39:58-07:00 - INFO [demo.js]: [Transaction Info] - Submitted: 10000 Succ: 10000 Fail:0 Unfinished:0 

2019-10-09T23:39:59-07:00 - INFO [demo.js]: [Transaction Info] - Submitted: 10000 Succ: 10000 Fail:0 Unfinished:0 

2019-10-09T23:40:00-07:00 - INFO [demo.js]: [Transaction Info] - Submitted: 10000 Succ: 10000 Fail:0 Unfinished:0 

2019-10-09T23:40:01-07:00 - INFO [demo.js]: [Transaction Info] - Submitted: 10000 Succ: 10000 Fail:0 Unfinished:0 

2019-10-09T23:40:02-07:00 - INFO [defaultTest]: ------ Test round 2 ------ 

2019-10-09T23:40:02-07:00 - DEBUG [local-client.js]: doTest() with:
	{"type":"test","label":"open","rateControl":{"type":"fixed-rate","opts":{"tps":300}},"trim":0,"args":{"money":1000},"cb":"benchmark/simple/open.js","config":"/root/caliper-Def/network/fabric-v1.4.1/raft/fabric-go-tls.yaml","root":"/root/caliper-Def","numb":2000,"roundIdx":2,"totalClients":5,"clients":5,"clientargs":{},"clientIdx":1}

2019-10-09T23:40:02-07:00 - DEBUG [local-client.js]: doTest() with:
	{"type":"test","label":"open","rateControl":{"type":"fixed-rate","opts":{"tps":300}},"trim":0,"args":{"money":1000},"cb":"benchmark/simple/open.js","config":"/root/caliper-Def/network/fabric-v1.4.1/raft/fabric-go-tls.yaml","root":"/root/caliper-Def","numb":2000,"roundIdx":2,"totalClients":5,"clients":5,"clientargs":{},"clientIdx":0}

2019-10-09T23:40:02-07:00 - DEBUG [local-client.js]: doTest() with:
	{"type":"test","label":"open","rateControl":{"type":"fixed-rate","opts":{"tps":300}},"trim":0,"args":{"money":1000},"cb":"benchmark/simple/open.js","config":"/root/caliper-Def/network/fabric-v1.4.1/raft/fabric-go-tls.yaml","root":"/root/caliper-Def","numb":2000,"roundIdx":2,"totalClients":5,"clients":5,"clientargs":{},"clientIdx":3}

2019-10-09T23:40:02-07:00 - INFO [local-client.js]: txUpdateTime: 1000 

2019-10-09T23:40:02-07:00 - INFO [client-util.js]: Waiting for 0 clients to be ready...  

2019-10-09T23:40:02-07:00 - INFO [client-util.js]: 0 clients ready, starting test phase 

2019-10-09T23:40:02-07:00 - DEBUG [local-client.js]: doTest() with:
	{"type":"test","label":"open","rateControl":{"type":"fixed-rate","opts":{"tps":300}},"trim":0,"args":{"money":1000},"cb":"benchmark/simple/open.js","config":"/root/caliper-Def/network/fabric-v1.4.1/raft/fabric-go-tls.yaml","root":"/root/caliper-Def","numb":2000,"roundIdx":2,"totalClients":5,"clients":5,"clientargs":{},"clientIdx":4}

2019-10-09T23:40:02-07:00 - INFO [local-client.js]: txUpdateTime: 1000 

2019-10-09T23:40:02-07:00 - DEBUG [local-client.js]: doTest() with:
	{"type":"test","label":"open","rateControl":{"type":"fixed-rate","opts":{"tps":300}},"trim":0,"args":{"money":1000},"cb":"benchmark/simple/open.js","config":"/root/caliper-Def/network/fabric-v1.4.1/raft/fabric-go-tls.yaml","root":"/root/caliper-Def","numb":2000,"roundIdx":2,"totalClients":5,"clients":5,"clientargs":{},"clientIdx":2}

2019-10-09T23:40:02-07:00 - INFO [local-client.js]: txUpdateTime: 1000 

2019-10-09T23:40:02-07:00 - INFO [local-client.js]: txUpdateTime: 1000 

2019-10-09T23:40:02-07:00 - INFO [local-client.js]: txUpdateTime: 1000 

2019-10-09T23:40:02-07:00 - INFO [demo.js]: [Transaction Info] - Submitted: 10000 Succ: 10000 Fail:0 Unfinished:0 

2019-10-09T23:40:02-07:00 - INFO [local-client.js]: Info: client 14878 start test runFixedNumber():opening accounts 

2019-10-09T23:40:02-07:00 - DEBUG [rateControl.js]: Creating rate controller for client#1 for round#2
	{"type":"fixed-rate","opts":{"tps":300}}

2019-10-09T23:40:02-07:00 - INFO [local-client.js]: Info: client 14896 start test runFixedNumber():opening accounts 

2019-10-09T23:40:02-07:00 - DEBUG [rateControl.js]: Creating rate controller for client#4 for round#2
	{"type":"fixed-rate","opts":{"tps":300}}

2019-10-09T23:40:02-07:00 - INFO [local-client.js]: Info: client 14894 start test runFixedNumber():opening accounts 

2019-10-09T23:40:02-07:00 - DEBUG [rateControl.js]: Creating rate controller for client#3 for round#2
	{"type":"fixed-rate","opts":{"tps":300}}

2019-10-09T23:40:02-07:00 - INFO [local-client.js]: Info: client 14887 start test runFixedNumber():opening accounts 

2019-10-09T23:40:02-07:00 - INFO [local-client.js]: Info: client 14877 start test runFixedNumber():opening accounts 

2019-10-09T23:40:02-07:00 - DEBUG [rateControl.js]: Creating rate controller for client#2 for round#2
	{"type":"fixed-rate","opts":{"tps":300}}

2019-10-09T23:40:02-07:00 - DEBUG [rateControl.js]: Creating rate controller for client#0 for round#2
	{"type":"fixed-rate","opts":{"tps":300}}

2019-10-09T23:40:03-07:00 - INFO [demo.js]: [Transaction Info] - Submitted: 10216 Succ: 10000 Fail:0 Unfinished:216 

2019-10-09T23:40:04-07:00 - INFO [demo.js]: [Transaction Info] - Submitted: 10502 Succ: 10102 Fail:0 Unfinished:400 

2019-10-09T23:40:05-07:00 - INFO [demo.js]: [Transaction Info] - Submitted: 10809 Succ: 10214 Fail:0 Unfinished:595 

2019-10-09T23:40:06-07:00 - INFO [demo.js]: [Transaction Info] - Submitted: 11114 Succ: 10365 Fail:0 Unfinished:749 

2019-10-09T23:40:07-07:00 - INFO [demo.js]: [Transaction Info] - Submitted: 11424 Succ: 10432 Fail:0 Unfinished:992 

2019-10-09T23:40:08-07:00 - INFO [demo.js]: [Transaction Info] - Submitted: 11724 Succ: 10572 Fail:0 Unfinished:1152 

2019-10-09T23:40:09-07:00 - INFO [demo.js]: [Transaction Info] - Submitted: 11940 Succ: 10644 Fail:0 Unfinished:1296 

2019-10-09T23:40:10-07:00 - INFO [demo.js]: [Transaction Info] - Submitted: 12250 Succ: 10813 Fail:0 Unfinished:1437 

2019-10-09T23:40:11-07:00 - INFO [demo.js]: [Transaction Info] - Submitted: 12464 Succ: 10910 Fail:0 Unfinished:1554 

2019-10-09T23:40:12-07:00 - INFO [demo.js]: [Transaction Info] - Submitted: 12778 Succ: 11022 Fail:0 Unfinished:1756 

2019-10-09T23:40:13-07:00 - INFO [demo.js]: [Transaction Info] - Submitted: 13155 Succ: 11138 Fail:0 Unfinished:2017 

2019-10-09T23:40:15-07:00 - INFO [demo.js]: [Transaction Info] - Submitted: 13391 Succ: 11353 Fail:0 Unfinished:2038 

2019-10-09T23:40:16-07:00 - INFO [demo.js]: [Transaction Info] - Submitted: 13695 Succ: 11449 Fail:0 Unfinished:2246 

2019-10-09T23:40:17-07:00 - INFO [demo.js]: [Transaction Info] - Submitted: 14083 Succ: 11523 Fail:0 Unfinished:2560 

2019-10-09T23:40:18-07:00 - INFO [demo.js]: [Transaction Info] - Submitted: 14374 Succ: 11619 Fail:0 Unfinished:2755 

2019-10-09T23:40:19-07:00 - INFO [demo.js]: [Transaction Info] - Submitted: 14595 Succ: 11619 Fail:0 Unfinished:2976 

2019-10-09T23:40:20-07:00 - INFO [demo.js]: [Transaction Info] - Submitted: 14983 Succ: 11819 Fail:0 Unfinished:3164 

2019-10-09T23:40:21-07:00 - INFO [demo.js]: [Transaction Info] - Submitted: 15188 Succ: 11819 Fail:0 Unfinished:3369 

2019-10-09T23:40:22-07:00 - INFO [demo.js]: [Transaction Info] - Submitted: 15475 Succ: 12059 Fail:0 Unfinished:3416 

2019-10-09T23:40:23-07:00 - INFO [demo.js]: [Transaction Info] - Submitted: 15740 Succ: 12248 Fail:0 Unfinished:3492 

2019-10-09T23:40:24-07:00 - INFO [demo.js]: [Transaction Info] - Submitted: 16257 Succ: 12248 Fail:0 Unfinished:4009 

2019-10-09T23:40:25-07:00 - INFO [demo.js]: [Transaction Info] - Submitted: 16447 Succ: 12307 Fail:0 Unfinished:4140 

2019-10-09T23:40:26-07:00 - INFO [demo.js]: [Transaction Info] - Submitted: 16651 Succ: 12385 Fail:0 Unfinished:4266 

2019-10-09T23:40:27-07:00 - INFO [demo.js]: [Transaction Info] - Submitted: 16949 Succ: 12648 Fail:0 Unfinished:4301 

2019-10-09T23:40:28-07:00 - INFO [demo.js]: [Transaction Info] - Submitted: 17423 Succ: 12693 Fail:0 Unfinished:4730 

2019-10-09T23:40:29-07:00 - INFO [demo.js]: [Transaction Info] - Submitted: 17638 Succ: 12822 Fail:0 Unfinished:4816 

2019-10-09T23:40:30-07:00 - INFO [demo.js]: [Transaction Info] - Submitted: 17901 Succ: 12909 Fail:0 Unfinished:4992 

2019-10-09T23:40:31-07:00 - INFO [demo.js]: [Transaction Info] - Submitted: 18365 Succ: 12909 Fail:0 Unfinished:5456 

2019-10-09T23:40:32-07:00 - INFO [demo.js]: [Transaction Info] - Submitted: 18679 Succ: 13109 Fail:0 Unfinished:5570 

2019-10-09T23:40:33-07:00 - INFO [demo.js]: [Transaction Info] - Submitted: 18771 Succ: 13418 Fail:0 Unfinished:5353 

2019-10-09T23:40:34-07:00 - INFO [demo.js]: [Transaction Info] - Submitted: 19185 Succ: 13467 Fail:0 Unfinished:5718 

2019-10-09T23:40:35-07:00 - INFO [demo.js]: [Transaction Info] - Submitted: 19642 Succ: 13489 Fail:0 Unfinished:6153 

2019-10-09T23:40:36-07:00 - INFO [demo.js]: [Transaction Info] - Submitted: 19802 Succ: 13602 Fail:0 Unfinished:6200 

2019-10-09T23:40:37-07:00 - INFO [demo.js]: [Transaction Info] - Submitted: 19897 Succ: 13993 Fail:0 Unfinished:5904 

2019-10-09T23:40:38-07:00 - INFO [demo.js]: [Transaction Info] - Submitted: 19998 Succ: 14306 Fail:0 Unfinished:5692 

2019-10-09T23:40:39-07:00 - INFO [demo.js]: [Transaction Info] - Submitted: 20000 Succ: 14565 Fail:0 Unfinished:5435 

2019-10-09T23:40:40-07:00 - INFO [demo.js]: [Transaction Info] - Submitted: 20000 Succ: 15316 Fail:0 Unfinished:4684 

2019-10-09T23:40:41-07:00 - INFO [demo.js]: [Transaction Info] - Submitted: 20000 Succ: 15930 Fail:0 Unfinished:4070 

2019-10-09T23:40:42-07:00 - INFO [demo.js]: [Transaction Info] - Submitted: 20000 Succ: 16549 Fail:0 Unfinished:3451 

2019-10-09T23:40:43-07:00 - INFO [demo.js]: [Transaction Info] - Submitted: 20000 Succ: 17341 Fail:0 Unfinished:2659 

2019-10-09T23:40:44-07:00 - INFO [demo.js]: [Transaction Info] - Submitted: 20000 Succ: 17944 Fail:0 Unfinished:2056 

2019-10-09T23:40:45-07:00 - INFO [demo.js]: [Transaction Info] - Submitted: 20000 Succ: 18810 Fail:0 Unfinished:1190 

2019-10-09T23:40:46-07:00 - INFO [demo.js]: [Transaction Info] - Submitted: 20000 Succ: 19456 Fail:0 Unfinished:544 

2019-10-09T23:40:47-07:00 - DEBUG [report-builder]: r.create.max: 1570689637.57 r.create.min: 1570689602.889 r.final.max: 1570689647.003 r.final.min: 1570689604.6 r.final.last: 1570689647.003 

2019-10-09T23:40:47-07:00 - DEBUG [report-builder]:  throughput for only success time computed: 226.7 

2019-10-09T23:40:47-07:00 - DEBUG [report-builder]: sendTransactionProposal: 0ms length: 10000 

2019-10-09T23:40:47-07:00 - DEBUG [report-builder]: sendTransaction: 0ms 

2019-10-09T23:40:47-07:00 - DEBUG [report-builder]: invokeLatency: 0ms 

2019-10-09T23:40:47-07:00 - INFO [report-builder]: ###test result:### 

2019-10-09T23:40:47-07:00 - INFO [report-builder]: 
+------+-------+------+-----------+-------------+-------------+-------------+------------+
| Name | Succ  | Fail | Send Rate | Max Latency | Min Latency | Avg Latency | Throughput |
|------|-------|------|-----------|-------------|-------------|-------------|------------|
| open | 10000 | 0    | 288.3 tps | 22.63 s     | 1.25 s      | 14.32 s     | 226.7 tps  |
+------+-------+------+-----------+-------------+-------------+-------------+------------+
 

2019-10-09T23:40:47-07:00 - INFO [report-builder]: ### resource stats ### 

2019-10-09T23:40:47-07:00 - INFO [report-builder]: 
+---------+---------------------------+-------------+-------------+----------+----------+------------+-------------+-----------+------------+
| TYPE    | NAME                      | Memory(max) | Memory(avg) | CPU(max) | CPU(avg) | Traffic In | Traffic Out | Disc Read | Disc Write |
|---------|---------------------------|-------------|-------------|----------|----------|------------|-------------|-----------|------------|
| Process | node local-client.js(avg) | -           | -           | NaN%     | NaN%     | -          | -           | -         | -          |
+---------+---------------------------+-------------+-------------+----------+----------+------------+-------------+-----------+------------+
 

2019-10-09T23:40:47-07:00 - INFO [defaultTest]: ------ Passed 'open' testing ------ 

2019-10-09T23:40:47-07:00 - INFO [defaultTest]: Waiting 5 seconds for the next round... 

2019-10-09T23:40:47-07:00 - INFO [demo.js]: [Transaction Info] - Submitted: 20000 Succ: 20000 Fail:0 Unfinished:0 

2019-10-09T23:40:48-07:00 - INFO [demo.js]: [Transaction Info] - Submitted: 20000 Succ: 20000 Fail:0 Unfinished:0 

2019-10-09T23:40:49-07:00 - INFO [demo.js]: [Transaction Info] - Submitted: 20000 Succ: 20000 Fail:0 Unfinished:0 

2019-10-09T23:40:50-07:00 - INFO [demo.js]: [Transaction Info] - Submitted: 20000 Succ: 20000 Fail:0 Unfinished:0 

2019-10-09T23:40:51-07:00 - INFO [demo.js]: [Transaction Info] - Submitted: 20000 Succ: 20000 Fail:0 Unfinished:0 

2019-10-09T23:40:52-07:00 - INFO [defaultTest]: ------ Test round 3 ------ 

2019-10-09T23:40:52-07:00 - DEBUG [local-client.js]: doTest() with:
	{"type":"test","label":"open","rateControl":{"type":"fixed-rate","opts":{"tps":400}},"trim":0,"args":{"money":1000},"cb":"benchmark/simple/open.js","config":"/root/caliper-Def/network/fabric-v1.4.1/raft/fabric-go-tls.yaml","root":"/root/caliper-Def","numb":2000,"roundIdx":3,"totalClients":5,"clients":5,"clientargs":{},"clientIdx":2}

2019-10-09T23:40:52-07:00 - DEBUG [local-client.js]: doTest() with:
	{"type":"test","label":"open","rateControl":{"type":"fixed-rate","opts":{"tps":400}},"trim":0,"args":{"money":1000},"cb":"benchmark/simple/open.js","config":"/root/caliper-Def/network/fabric-v1.4.1/raft/fabric-go-tls.yaml","root":"/root/caliper-Def","numb":2000,"roundIdx":3,"totalClients":5,"clients":5,"clientargs":{},"clientIdx":0}

2019-10-09T23:40:52-07:00 - DEBUG [local-client.js]: doTest() with:
	{"type":"test","label":"open","rateControl":{"type":"fixed-rate","opts":{"tps":400}},"trim":0,"args":{"money":1000},"cb":"benchmark/simple/open.js","config":"/root/caliper-Def/network/fabric-v1.4.1/raft/fabric-go-tls.yaml","root":"/root/caliper-Def","numb":2000,"roundIdx":3,"totalClients":5,"clients":5,"clientargs":{},"clientIdx":3}

2019-10-09T23:40:52-07:00 - DEBUG [local-client.js]: doTest() with:
	{"type":"test","label":"open","rateControl":{"type":"fixed-rate","opts":{"tps":400}},"trim":0,"args":{"money":1000},"cb":"benchmark/simple/open.js","config":"/root/caliper-Def/network/fabric-v1.4.1/raft/fabric-go-tls.yaml","root":"/root/caliper-Def","numb":2000,"roundIdx":3,"totalClients":5,"clients":5,"clientargs":{},"clientIdx":1}

2019-10-09T23:40:52-07:00 - INFO [local-client.js]: txUpdateTime: 1000 

2019-10-09T23:40:52-07:00 - DEBUG [local-client.js]: doTest() with:
	{"type":"test","label":"open","rateControl":{"type":"fixed-rate","opts":{"tps":400}},"trim":0,"args":{"money":1000},"cb":"benchmark/simple/open.js","config":"/root/caliper-Def/network/fabric-v1.4.1/raft/fabric-go-tls.yaml","root":"/root/caliper-Def","numb":2000,"roundIdx":3,"totalClients":5,"clients":5,"clientargs":{},"clientIdx":4}

2019-10-09T23:40:52-07:00 - INFO [local-client.js]: txUpdateTime: 1000 

2019-10-09T23:40:52-07:00 - INFO [client-util.js]: Waiting for 0 clients to be ready...  

2019-10-09T23:40:52-07:00 - INFO [client-util.js]: 0 clients ready, starting test phase 

2019-10-09T23:40:52-07:00 - INFO [local-client.js]: txUpdateTime: 1000 

2019-10-09T23:40:52-07:00 - INFO [local-client.js]: txUpdateTime: 1000 

2019-10-09T23:40:52-07:00 - INFO [local-client.js]: txUpdateTime: 1000 

2019-10-09T23:40:52-07:00 - INFO [local-client.js]: Info: client 14887 start test runFixedNumber():opening accounts 

2019-10-09T23:40:52-07:00 - DEBUG [rateControl.js]: Creating rate controller for client#2 for round#3
	{"type":"fixed-rate","opts":{"tps":400}}

2019-10-09T23:40:52-07:00 - INFO [local-client.js]: Info: client 14894 start test runFixedNumber():opening accounts 

2019-10-09T23:40:52-07:00 - DEBUG [rateControl.js]: Creating rate controller for client#3 for round#3
	{"type":"fixed-rate","opts":{"tps":400}}

2019-10-09T23:40:52-07:00 - INFO [local-client.js]: Info: client 14896 start test runFixedNumber():opening accounts 

2019-10-09T23:40:52-07:00 - DEBUG [rateControl.js]: Creating rate controller for client#4 for round#3
	{"type":"fixed-rate","opts":{"tps":400}}

2019-10-09T23:40:52-07:00 - INFO [local-client.js]: Info: client 14878 start test runFixedNumber():opening accounts 

2019-10-09T23:40:52-07:00 - DEBUG [rateControl.js]: Creating rate controller for client#1 for round#3
	{"type":"fixed-rate","opts":{"tps":400}}

2019-10-09T23:40:52-07:00 - INFO [local-client.js]: Info: client 14877 start test runFixedNumber():opening accounts 

2019-10-09T23:40:52-07:00 - DEBUG [rateControl.js]: Creating rate controller for client#0 for round#3
	{"type":"fixed-rate","opts":{"tps":400}}

2019-10-09T23:40:52-07:00 - INFO [demo.js]: [Transaction Info] - Submitted: 20000 Succ: 20000 Fail:0 Unfinished:0 

2019-10-09T23:40:53-07:00 - INFO [demo.js]: [Transaction Info] - Submitted: 20329 Succ: 20000 Fail:0 Unfinished:329 

2019-10-09T23:40:54-07:00 - INFO [demo.js]: [Transaction Info] - Submitted: 20690 Succ: 20000 Fail:0 Unfinished:690 

2019-10-09T23:40:55-07:00 - INFO [demo.js]: [Transaction Info] - Submitted: 21152 Succ: 20079 Fail:0 Unfinished:1073 

2019-10-09T23:40:56-07:00 - INFO [demo.js]: [Transaction Info] - Submitted: 21559 Succ: 20189 Fail:0 Unfinished:1370 

2019-10-09T23:40:57-07:00 - INFO [demo.js]: [Transaction Info] - Submitted: 21559 Succ: 20189 Fail:0 Unfinished:1370 

2019-10-09T23:40:58-07:00 - INFO [demo.js]: [Transaction Info] - Submitted: 21650 Succ: 20386 Fail:0 Unfinished:1264 

2019-10-09T23:40:59-07:00 - INFO [demo.js]: [Transaction Info] - Submitted: 22809 Succ: 20586 Fail:0 Unfinished:2223 

2019-10-09T23:41:00-07:00 - INFO [demo.js]: [Transaction Info] - Submitted: 23174 Succ: 20710 Fail:0 Unfinished:2464 

2019-10-09T23:41:01-07:00 - INFO [demo.js]: [Transaction Info] - Submitted: 23196 Succ: 20710 Fail:0 Unfinished:2486 

2019-10-09T23:41:02-07:00 - INFO [demo.js]: [Transaction Info] - Submitted: 23317 Succ: 20804 Fail:0 Unfinished:2513 

2019-10-09T23:41:03-07:00 - INFO [demo.js]: [Transaction Info] - Submitted: 23348 Succ: 20903 Fail:0 Unfinished:2445 

2019-10-09T23:41:04-07:00 - INFO [demo.js]: [Transaction Info] - Submitted: 24538 Succ: 21058 Fail:0 Unfinished:3480 

2019-10-09T23:41:05-07:00 - INFO [demo.js]: [Transaction Info] - Submitted: 25180 Succ: 21058 Fail:0 Unfinished:4122 

2019-10-09T23:41:06-07:00 - INFO [demo.js]: [Transaction Info] - Submitted: 25602 Succ: 21058 Fail:0 Unfinished:4544 

2019-10-09T23:41:07-07:00 - INFO [demo.js]: [Transaction Info] - Submitted: 25994 Succ: 21058 Fail:0 Unfinished:4936 

2019-10-09T23:41:08-07:00 - INFO [demo.js]: [Transaction Info] - Submitted: 26398 Succ: 21058 Fail:0 Unfinished:5340 

2019-10-09T23:41:09-07:00 - INFO [demo.js]: [Transaction Info] - Submitted: 26538 Succ: 21058 Fail:0 Unfinished:5480 

2019-10-09T23:41:10-07:00 - INFO [demo.js]: [Transaction Info] - Submitted: 26712 Succ: 21058 Fail:0 Unfinished:5654 

2019-10-09T23:41:12-07:00 - INFO [demo.js]: [Transaction Info] - Submitted: 26731 Succ: 21058 Fail:0 Unfinished:5673 

2019-10-09T23:41:13-07:00 - INFO [demo.js]: [Transaction Info] - Submitted: 26765 Succ: 21258 Fail:0 Unfinished:5507 

2019-10-09T23:41:14-07:00 - INFO [demo.js]: [Transaction Info] - Submitted: 26859 Succ: 21292 Fail:0 Unfinished:5567 

2019-10-09T23:41:15-07:00 - INFO [demo.js]: [Transaction Info] - Submitted: 26934 Succ: 21433 Fail:0 Unfinished:5501 

2019-10-09T23:41:16-07:00 - INFO [demo.js]: [Transaction Info] - Submitted: 27448 Succ: 21458 Fail:0 Unfinished:5990 

2019-10-09T23:41:17-07:00 - INFO [demo.js]: [Transaction Info] - Submitted: 28621 Succ: 21458 Fail:0 Unfinished:7163 

2019-10-09T23:41:18-07:00 - INFO [demo.js]: [Transaction Info] - Submitted: 29734 Succ: 21458 Fail:0 Unfinished:8276 

2019-10-09T23:41:19-07:00 - INFO [demo.js]: [Transaction Info] - Submitted: 30000 Succ: 21458 Fail:0 Unfinished:8542 

2019-10-09T23:41:20-07:00 - INFO [demo.js]: [Transaction Info] - Submitted: 30000 Succ: 21458 Fail:0 Unfinished:8542 

2019-10-09T23:41:21-07:00 - INFO [demo.js]: [Transaction Info] - Submitted: 30000 Succ: 21470 Fail:0 Unfinished:8530 

2019-10-09T23:41:22-07:00 - INFO [demo.js]: [Transaction Info] - Submitted: 30000 Succ: 21658 Fail:0 Unfinished:8342 

2019-10-09T23:41:23-07:00 - INFO [demo.js]: [Transaction Info] - Submitted: 30000 Succ: 21658 Fail:0 Unfinished:8342 

2019-10-09T23:41:24-07:00 - INFO [demo.js]: [Transaction Info] - Submitted: 30000 Succ: 21951 Fail:0 Unfinished:8049 

2019-10-09T23:41:25-07:00 - INFO [demo.js]: [Transaction Info] - Submitted: 30000 Succ: 22511 Fail:0 Unfinished:7489 

2019-10-09T23:41:26-07:00 - INFO [demo.js]: [Transaction Info] - Submitted: 30000 Succ: 22963 Fail:0 Unfinished:7037 

2019-10-09T23:41:27-07:00 - INFO [demo.js]: [Transaction Info] - Submitted: 30000 Succ: 23363 Fail:0 Unfinished:6637 

2019-10-09T23:41:28-07:00 - INFO [demo.js]: [Transaction Info] - Submitted: 30000 Succ: 23690 Fail:0 Unfinished:6310 

2019-10-09T23:41:29-07:00 - INFO [demo.js]: [Transaction Info] - Submitted: 30000 Succ: 24176 Fail:0 Unfinished:5824 

2019-10-09T23:41:30-07:00 - INFO [demo.js]: [Transaction Info] - Submitted: 30000 Succ: 24780 Fail:0 Unfinished:5220 

2019-10-09T23:41:31-07:00 - INFO [demo.js]: [Transaction Info] - Submitted: 30000 Succ: 25409 Fail:0 Unfinished:4591 

2019-10-09T23:41:32-07:00 - INFO [demo.js]: [Transaction Info] - Submitted: 30000 Succ: 26077 Fail:0 Unfinished:3923 

2019-10-09T23:41:33-07:00 - INFO [demo.js]: [Transaction Info] - Submitted: 30000 Succ: 26805 Fail:0 Unfinished:3195 

2019-10-09T23:41:34-07:00 - INFO [demo.js]: [Transaction Info] - Submitted: 30000 Succ: 27435 Fail:0 Unfinished:2565 

2019-10-09T23:41:35-07:00 - INFO [demo.js]: [Transaction Info] - Submitted: 30000 Succ: 27973 Fail:0 Unfinished:2027 

2019-10-09T23:41:36-07:00 - INFO [demo.js]: [Transaction Info] - Submitted: 30000 Succ: 28522 Fail:0 Unfinished:1478 

2019-10-09T23:41:37-07:00 - INFO [demo.js]: [Transaction Info] - Submitted: 30000 Succ: 28894 Fail:0 Unfinished:1106 

2019-10-09T23:41:38-07:00 - INFO [demo.js]: [Transaction Info] - Submitted: 30000 Succ: 28894 Fail:0 Unfinished:1106 

2019-10-09T23:41:39-07:00 - INFO [demo.js]: [Transaction Info] - Submitted: 30000 Succ: 28894 Fail:0 Unfinished:1106 

2019-10-09T23:41:40-07:00 - INFO [demo.js]: [Transaction Info] - Submitted: 30000 Succ: 28894 Fail:0 Unfinished:1106 

2019-10-09T23:41:41-07:00 - INFO [demo.js]: [Transaction Info] - Submitted: 30000 Succ: 28894 Fail:0 Unfinished:1106 

2019-10-09T23:41:42-07:00 - INFO [demo.js]: [Transaction Info] - Submitted: 30000 Succ: 28894 Fail:0 Unfinished:1106 

2019-10-09T23:41:43-07:00 - INFO [demo.js]: [Transaction Info] - Submitted: 30000 Succ: 28894 Fail:0 Unfinished:1106 

2019-10-09T23:41:44-07:00 - INFO [demo.js]: [Transaction Info] - Submitted: 30000 Succ: 28894 Fail:0 Unfinished:1106 

2019-10-09T23:41:45-07:00 - INFO [demo.js]: [Transaction Info] - Submitted: 30000 Succ: 28894 Fail:0 Unfinished:1106 

2019-10-09T23:41:46-07:00 - INFO [demo.js]: [Transaction Info] - Submitted: 30000 Succ: 28894 Fail:0 Unfinished:1106 

2019-10-09T23:41:47-07:00 - INFO [demo.js]: [Transaction Info] - Submitted: 30000 Succ: 28894 Fail:0 Unfinished:1106 

2019-10-09T23:41:48-07:00 - INFO [demo.js]: [Transaction Info] - Submitted: 30000 Succ: 28894 Fail:0 Unfinished:1106 

2019-10-09T23:41:49-07:00 - INFO [demo.js]: [Transaction Info] - Submitted: 30000 Succ: 28894 Fail:0 Unfinished:1106 

2019-10-09T23:41:50-07:00 - INFO [demo.js]: [Transaction Info] - Submitted: 30000 Succ: 28894 Fail:0 Unfinished:1106 

2019-10-09T23:41:51-07:00 - INFO [demo.js]: [Transaction Info] - Submitted: 30000 Succ: 28894 Fail:0 Unfinished:1106 

2019-10-09T23:41:52-07:00 - INFO [demo.js]: [Transaction Info] - Submitted: 30000 Succ: 28894 Fail:0 Unfinished:1106 

2019-10-09T23:41:53-07:00 - INFO [demo.js]: [Transaction Info] - Submitted: 30000 Succ: 28894 Fail:0 Unfinished:1106 

2019-10-09T23:41:54-07:00 - INFO [demo.js]: [Transaction Info] - Submitted: 30000 Succ: 28894 Fail:0 Unfinished:1106 

2019-10-09T23:41:55-07:00 - INFO [demo.js]: [Transaction Info] - Submitted: 30000 Succ: 28894 Fail:0 Unfinished:1106 

2019-10-09T23:41:56-07:00 - INFO [demo.js]: [Transaction Info] - Submitted: 30000 Succ: 28894 Fail:0 Unfinished:1106 

2019-10-09T23:41:57-07:00 - INFO [demo.js]: [Transaction Info] - Submitted: 30000 Succ: 28894 Fail:0 Unfinished:1106 

2019-10-09T23:41:58-07:00 - INFO [demo.js]: [Transaction Info] - Submitted: 30000 Succ: 28894 Fail:0 Unfinished:1106 

2019-10-09T23:41:59-07:00 - INFO [demo.js]: [Transaction Info] - Submitted: 30000 Succ: 28894 Fail:0 Unfinished:1106 

2019-10-09T23:42:00-07:00 - INFO [demo.js]: [Transaction Info] - Submitted: 30000 Succ: 28894 Fail:0 Unfinished:1106 

2019-10-09T23:42:01-07:00 - INFO [demo.js]: [Transaction Info] - Submitted: 30000 Succ: 28894 Fail:0 Unfinished:1106 

